[0m11:48:09.794733 [debug] [MainThread]: Sending event: {'category': 'dbt', 'action': 'invocation', 'label': 'start', 'context': [<snowplow_tracker.self_describing_json.SelfDescribingJson object at 0x0000017BD4A81590>, <snowplow_tracker.self_describing_json.SelfDescribingJson object at 0x0000017BD4AB3050>, <snowplow_tracker.self_describing_json.SelfDescribingJson object at 0x0000017BD4AD6190>]}


============================== 11:48:09.802884 | 70986116-7efc-48d4-bc6e-f00975b58e3e ==============================
[0m11:48:09.802884 [info ] [MainThread]: Running with dbt=1.10.4
[0m11:48:09.804189 [debug] [MainThread]: running dbt with arguments {'printer_width': '80', 'indirect_selection': 'eager', 'log_cache_events': 'False', 'write_json': 'True', 'partial_parse': 'True', 'cache_selected_only': 'False', 'profiles_dir': 'C:\\Users\\CNXK\\.dbt', 'debug': 'False', 'warn_error': 'None', 'log_path': 'logs', 'version_check': 'True', 'fail_fast': 'False', 'use_colors': 'True', 'use_experimental_parser': 'False', 'no_print': 'None', 'quiet': 'False', 'empty': 'None', 'log_format': 'default', 'introspect': 'True', 'warn_error_options': 'WarnErrorOptionsV2(error=[], warn=[], silence=[])', 'invocation_command': 'dbt init', 'target_path': 'None', 'static_parser': 'True', 'send_anonymous_usage_stats': 'True'}
[0m11:48:33.198542 [debug] [MainThread]: Starter project path: C:\Users\CNXK\miniconda3\envs\py311\Lib\site-packages\dbt\include\starter_project
[0m11:48:33.236992 [info ] [MainThread]: 
Your new dbt project "my_first_dbt_project" was created!

For more information on how to configure the profiles.yml file,
please consult the dbt documentation here:

  https://docs.getdbt.com/docs/configure-your-profile

One more thing:

Need help? Don't hesitate to reach out to us via GitHub issues or on Slack:

  https://community.getdbt.com/

Happy modeling!

[0m11:48:33.237972 [info ] [MainThread]: Setting up your profile.
[0m11:49:59.068370 [debug] [MainThread]: Sending event: {'category': 'dbt', 'action': 'invocation', 'label': 'start', 'context': [<snowplow_tracker.self_describing_json.SelfDescribingJson object at 0x000001DF7A024990>, <snowplow_tracker.self_describing_json.SelfDescribingJson object at 0x000001DF7D1BC610>, <snowplow_tracker.self_describing_json.SelfDescribingJson object at 0x000001DF7A024DD0>]}


============================== 11:49:59.073060 | 73ac363f-80f5-4917-881f-1c253162b3be ==============================
[0m11:49:59.073060 [info ] [MainThread]: Running with dbt=1.10.4
[0m11:49:59.074433 [debug] [MainThread]: running dbt with arguments {'printer_width': '80', 'indirect_selection': 'eager', 'write_json': 'True', 'log_cache_events': 'False', 'partial_parse': 'True', 'cache_selected_only': 'False', 'profiles_dir': 'C:\\Users\\CNXK\\.dbt', 'fail_fast': 'False', 'version_check': 'True', 'log_path': 'logs', 'debug': 'False', 'warn_error': 'None', 'use_colors': 'True', 'use_experimental_parser': 'False', 'empty': 'None', 'quiet': 'False', 'no_print': 'None', 'warn_error_options': 'WarnErrorOptionsV2(error=[], warn=[], silence=[])', 'introspect': 'True', 'log_format': 'default', 'invocation_command': 'dbt init', 'target_path': 'None', 'static_parser': 'True', 'send_anonymous_usage_stats': 'True'}
[0m11:50:05.985439 [info ] [MainThread]: A project called my_first_dbt_project already exists here.
[0m11:50:05.986493 [debug] [MainThread]: Command `dbt init` succeeded at 11:50:05.986493 after 7.02 seconds
[0m11:50:05.987913 [debug] [MainThread]: Sending event: {'category': 'dbt', 'action': 'invocation', 'label': 'end', 'context': [<snowplow_tracker.self_describing_json.SelfDescribingJson object at 0x000001DF7848B4D0>, <snowplow_tracker.self_describing_json.SelfDescribingJson object at 0x000001DF78407190>, <snowplow_tracker.self_describing_json.SelfDescribingJson object at 0x000001DF78407650>]}
[0m11:50:05.987913 [debug] [MainThread]: Flushing usage events
[0m11:50:06.882099 [debug] [MainThread]: An error was encountered while trying to flush usage events
[0m11:50:25.160533 [debug] [MainThread]: Sending event: {'category': 'dbt', 'action': 'invocation', 'label': 'start', 'context': [<snowplow_tracker.self_describing_json.SelfDescribingJson object at 0x000001F37D660B50>, <snowplow_tracker.self_describing_json.SelfDescribingJson object at 0x000001F37D656790>, <snowplow_tracker.self_describing_json.SelfDescribingJson object at 0x000001F37D656C50>]}


============================== 11:50:25.164841 | a8e3e1c6-8226-47dc-a561-db92eb4cdc4e ==============================
[0m11:50:25.164841 [info ] [MainThread]: Running with dbt=1.10.4
[0m11:50:25.166031 [debug] [MainThread]: running dbt with arguments {'printer_width': '80', 'indirect_selection': 'eager', 'log_cache_events': 'False', 'write_json': 'True', 'partial_parse': 'True', 'cache_selected_only': 'False', 'profiles_dir': 'C:\\Users\\CNXK\\.dbt', 'fail_fast': 'False', 'warn_error': 'None', 'log_path': 'logs', 'debug': 'False', 'version_check': 'True', 'use_colors': 'True', 'use_experimental_parser': 'False', 'empty': 'None', 'quiet': 'False', 'no_print': 'None', 'warn_error_options': 'WarnErrorOptionsV2(error=[], warn=[], silence=[])', 'introspect': 'True', 'log_format': 'default', 'static_parser': 'True', 'target_path': 'None', 'invocation_command': 'dbt init', 'send_anonymous_usage_stats': 'True'}
[0m11:50:45.010254 [debug] [MainThread]: Starter project path: C:\Users\CNXK\miniconda3\envs\py311\Lib\site-packages\dbt\include\starter_project
[0m11:50:45.032311 [info ] [MainThread]: 
Your new dbt project "my_first_dbt_project" was created!

For more information on how to configure the profiles.yml file,
please consult the dbt documentation here:

  https://docs.getdbt.com/docs/configure-your-profile

One more thing:

Need help? Don't hesitate to reach out to us via GitHub issues or on Slack:

  https://community.getdbt.com/

Happy modeling!

[0m11:50:45.033354 [info ] [MainThread]: Setting up your profile.
[0m11:50:47.047067 [info ] [MainThread]: Profile my_first_dbt_project written to C:\Users\CNXK\.dbt\profiles.yml using target's sample configuration. Once updated, you'll be able to start developing with dbt.
[0m11:50:47.048044 [debug] [MainThread]: Command `dbt init` succeeded at 11:50:47.048044 after 21.98 seconds
[0m11:50:47.049021 [debug] [MainThread]: Sending event: {'category': 'dbt', 'action': 'invocation', 'label': 'end', 'context': [<snowplow_tracker.self_describing_json.SelfDescribingJson object at 0x000001F3785CB490>, <snowplow_tracker.self_describing_json.SelfDescribingJson object at 0x000001F37D7442D0>, <snowplow_tracker.self_describing_json.SelfDescribingJson object at 0x000001F378547650>]}
[0m11:50:47.049021 [debug] [MainThread]: Flushing usage events
[0m11:50:47.879244 [debug] [MainThread]: An error was encountered while trying to flush usage events
[0m12:00:09.847730 [debug] [MainThread]: Sending event: {'category': 'dbt', 'action': 'invocation', 'label': 'start', 'context': [<snowplow_tracker.self_describing_json.SelfDescribingJson object at 0x000001A0EA98B490>, <snowplow_tracker.self_describing_json.SelfDescribingJson object at 0x000001A0EA990A90>, <snowplow_tracker.self_describing_json.SelfDescribingJson object at 0x000001A0EA993990>]}


============================== 12:00:09.853141 | 57fe1365-c4fe-4a4c-a621-70efe8719ae5 ==============================
[0m12:00:09.853141 [info ] [MainThread]: Running with dbt=1.10.4
[0m12:00:09.854144 [debug] [MainThread]: running dbt with arguments {'printer_width': '80', 'indirect_selection': 'eager', 'write_json': 'True', 'log_cache_events': 'False', 'partial_parse': 'True', 'cache_selected_only': 'False', 'warn_error': 'None', 'version_check': 'True', 'debug': 'False', 'log_path': 'logs', 'fail_fast': 'False', 'profiles_dir': 'C:\\Users\\CNXK\\.dbt', 'use_colors': 'True', 'use_experimental_parser': 'False', 'empty': 'None', 'quiet': 'False', 'no_print': 'None', 'log_format': 'default', 'introspect': 'True', 'static_parser': 'True', 'invocation_command': 'dbt debug', 'target_path': 'None', 'warn_error_options': 'WarnErrorOptionsV2(error=[], warn=[], silence=[])', 'send_anonymous_usage_stats': 'True'}
[0m12:00:09.876395 [info ] [MainThread]: dbt version: 1.10.4
[0m12:00:09.877390 [info ] [MainThread]: python version: 3.11.9
[0m12:00:09.877390 [info ] [MainThread]: python path: C:\Users\CNXK\miniconda3\envs\py311\python.exe
[0m12:00:09.878393 [info ] [MainThread]: os info: Windows-10-10.0.26100-SP0
[0m12:00:09.981124 [info ] [MainThread]: Using profiles dir at C:\Users\CNXK\.dbt
[0m12:00:09.982896 [info ] [MainThread]: Using profiles.yml file at C:\Users\CNXK\.dbt\profiles.yml
[0m12:00:09.982896 [info ] [MainThread]: Using dbt_project.yml file at C:\Users\CNXK\Desktop\dbt_handson\dbt_project.yml
[0m12:00:09.985977 [info ] [MainThread]: adapter type: duckdb
[0m12:00:09.986970 [info ] [MainThread]: adapter version: 1.9.4
[0m12:00:09.987955 [info ] [MainThread]: Configuration:
[0m12:00:09.987955 [info ] [MainThread]:   profiles.yml file [[32mOK found and valid[0m]
[0m12:00:09.988939 [info ] [MainThread]:   dbt_project.yml file [[31mERROR not found[0m]
[0m12:00:09.989942 [info ] [MainThread]: Required dependencies:
[0m12:00:09.989942 [debug] [MainThread]: Executing "git --help"
[0m12:00:10.043254 [debug] [MainThread]: STDOUT: "b"usage: git [-v | --version] [-h | --help] [-C <path>] [-c <name>=<value>]\n           [--exec-path[=<path>]] [--html-path] [--man-path] [--info-path]\n           [-p | --paginate | -P | --no-pager] [--no-replace-objects] [--no-lazy-fetch]\n           [--no-optional-locks] [--no-advice] [--bare] [--git-dir=<path>]\n           [--work-tree=<path>] [--namespace=<name>] [--config-env=<name>=<envvar>]\n           <command> [<args>]\n\nThese are common Git commands used in various situations:\n\nstart a working area (see also: git help tutorial)\n   clone     Clone a repository into a new directory\n   init      Create an empty Git repository or reinitialize an existing one\n\nwork on the current change (see also: git help everyday)\n   add       Add file contents to the index\n   mv        Move or rename a file, a directory, or a symlink\n   restore   Restore working tree files\n   rm        Remove files from the working tree and from the index\n\nexamine the history and state (see also: git help revisions)\n   bisect    Use binary search to find the commit that introduced a bug\n   diff      Show changes between commits, commit and working tree, etc\n   grep      Print lines matching a pattern\n   log       Show commit logs\n   show      Show various types of objects\n   status    Show the working tree status\n\ngrow, mark and tweak your common history\n   branch    List, create, or delete branches\n   commit    Record changes to the repository\n   merge     Join two or more development histories together\n   rebase    Reapply commits on top of another base tip\n   reset     Reset current HEAD to the specified state\n   switch    Switch branches\n   tag       Create, list, delete or verify a tag object signed with GPG\n\ncollaborate (see also: git help workflows)\n   fetch     Download objects and refs from another repository\n   pull      Fetch from and integrate with another repository or a local branch\n   push      Update remote refs along with associated objects\n\n'git help -a' and 'git help -g' list available subcommands and some\nconcept guides. See 'git help <command>' or 'git help <concept>'\nto read about a specific subcommand or concept.\nSee 'git help git' for an overview of the system.\n""
[0m12:00:10.043254 [debug] [MainThread]: STDERR: "b''"
[0m12:00:10.044261 [info ] [MainThread]:  - git [[32mOK found[0m]

[0m12:00:10.045244 [info ] [MainThread]: Connection:
[0m12:00:10.045244 [info ] [MainThread]:   database: dev
[0m12:00:10.046334 [info ] [MainThread]:   schema: dbt_dev
[0m12:00:10.046334 [info ] [MainThread]:   path: /tmp/dev.duckdb
[0m12:00:10.047337 [info ] [MainThread]:   config_options: None
[0m12:00:10.047337 [info ] [MainThread]:   extensions: None
[0m12:00:10.048742 [info ] [MainThread]:   settings: {}
[0m12:00:10.048742 [info ] [MainThread]:   external_root: .
[0m12:00:10.049769 [info ] [MainThread]:   use_credential_provider: None
[0m12:00:10.049769 [info ] [MainThread]:   attach: None
[0m12:00:10.050817 [info ] [MainThread]:   filesystems: None
[0m12:00:10.050817 [info ] [MainThread]:   remote: None
[0m12:00:10.052031 [info ] [MainThread]:   plugins: None
[0m12:00:10.052031 [info ] [MainThread]:   disable_transactions: False
[0m12:00:10.053395 [info ] [MainThread]: Registered adapter: duckdb=1.9.4
[0m12:00:10.322906 [debug] [MainThread]: Acquiring new duckdb connection 'debug'
[0m12:00:10.512835 [debug] [MainThread]: Using duckdb connection "debug"
[0m12:00:10.513825 [debug] [MainThread]: On debug: select 1 as id
[0m12:00:10.513825 [debug] [MainThread]: Opening a new connection, currently in state init
[0m12:00:10.526173 [debug] [MainThread]: DuckDB adapter: Error running SQL: select 1 as id
[0m12:00:10.527177 [debug] [MainThread]: DuckDB adapter: Rolling back transaction.
[0m12:00:10.528196 [info ] [MainThread]:   Connection test: [[31mERROR[0m]

[0m12:00:10.529199 [info ] [MainThread]: [31m2 checks failed:[0m
[0m12:00:10.530180 [info ] [MainThread]: Project loading failed for the following reason:
 project path <C:\Users\CNXK\Desktop\dbt_handson\dbt_project.yml> not found

[0m12:00:10.531362 [info ] [MainThread]: dbt was unable to connect to the specified database.
The database returned the following error:

  >Runtime Error
  'utf-8' codec can't decode byte 0xc1 in position 48: invalid start byte

Check your database credentials and try again. For more information, visit:
https://docs.getdbt.com/docs/configure-your-profile


[0m12:00:10.532994 [debug] [MainThread]: Command `dbt debug` failed at 12:00:10.532994 after 0.79 seconds
[0m12:00:10.533972 [debug] [MainThread]: Connection 'debug' was properly closed.
[0m12:00:10.533972 [debug] [MainThread]: Sending event: {'category': 'dbt', 'action': 'invocation', 'label': 'end', 'context': [<snowplow_tracker.self_describing_json.SelfDescribingJson object at 0x000001A0EA93A810>, <snowplow_tracker.self_describing_json.SelfDescribingJson object at 0x000001A0EAA72510>, <snowplow_tracker.self_describing_json.SelfDescribingJson object at 0x000001A0EA93ADD0>]}
[0m12:00:10.534949 [debug] [MainThread]: Flushing usage events
[0m12:00:11.386469 [debug] [MainThread]: An error was encountered while trying to flush usage events
[0m12:23:04.367538 [debug] [MainThread]: Sending event: {'category': 'dbt', 'action': 'invocation', 'label': 'start', 'context': [<snowplow_tracker.self_describing_json.SelfDescribingJson object at 0x00000165E1E7F010>, <snowplow_tracker.self_describing_json.SelfDescribingJson object at 0x00000165E1E1E010>, <snowplow_tracker.self_describing_json.SelfDescribingJson object at 0x00000165E1E7BC90>]}


============================== 12:23:04.371926 | b4f9db77-accd-41e3-97ea-7219a6255fe5 ==============================
[0m12:23:04.371926 [info ] [MainThread]: Running with dbt=1.10.4
[0m12:23:04.372903 [debug] [MainThread]: running dbt with arguments {'printer_width': '80', 'indirect_selection': 'eager', 'log_cache_events': 'False', 'write_json': 'True', 'partial_parse': 'True', 'cache_selected_only': 'False', 'warn_error': 'None', 'fail_fast': 'False', 'version_check': 'True', 'log_path': 'logs', 'debug': 'False', 'profiles_dir': 'C:\\Users\\CNXK\\.dbt', 'use_colors': 'True', 'use_experimental_parser': 'False', 'no_print': 'None', 'quiet': 'False', 'empty': 'None', 'warn_error_options': 'WarnErrorOptionsV2(error=[], warn=[], silence=[])', 'static_parser': 'True', 'invocation_command': 'dbt seed', 'introspect': 'True', 'target_path': 'None', 'log_format': 'default', 'send_anonymous_usage_stats': 'True'}
[0m12:23:04.374090 [error] [MainThread]: Encountered an error:
Runtime Error
  No dbt_project.yml found at expected path C:\Users\CNXK\Desktop\dbt_handson\dbt_project.yml
  Verify that each entry within packages.yml (and their transitive dependencies) contains a file named dbt_project.yml
  
[0m12:23:04.376089 [debug] [MainThread]: Command `dbt seed` failed at 12:23:04.375086 after 0.12 seconds
[0m12:23:04.376089 [debug] [MainThread]: Sending event: {'category': 'dbt', 'action': 'invocation', 'label': 'end', 'context': [<snowplow_tracker.self_describing_json.SelfDescribingJson object at 0x00000165E1E2ABD0>, <snowplow_tracker.self_describing_json.SelfDescribingJson object at 0x00000165DCD47550>, <snowplow_tracker.self_describing_json.SelfDescribingJson object at 0x00000165E1E1FCD0>]}
[0m12:23:04.377087 [debug] [MainThread]: Flushing usage events
[0m12:23:05.283841 [debug] [MainThread]: An error was encountered while trying to flush usage events
